2020-11-30 08:56:22,193 DEBUG    root            Loaded Command Group: ['gcloud', 'version']
2020-11-30 08:56:22,197 DEBUG    root            Running [gcloud.version] with arguments: [--format: "json"]
2020-11-30 08:56:22,241 INFO     root            Display format: "flattened[no-pad,separator=" "] json"
2020-11-30 08:56:22,242 INFO     ___FILE_ONLY___ {
  "Google Cloud SDK": "319.0.0",
  "alpha": "2020.11.13",
  "app-engine-go": "1.9.71",
  "app-engine-java": "1.9.83",
  "app-engine-python": "1.9.91",
  "app-engine-python-extras": "1.9.91",
  "beta": "2020.11.13",
  "bigtable": "",
  "bq": "2.0.62",
  "cbt": "0.9.0",
  "cloud-build-local": "0.5.2",
  "cloud-datastore-emulator": "2.1.0",
  "core": "2020.11.13",
  "datalab": "20190610",
  "gsutil": "4.55",
  "kind": "0.7.0",
  "kpt": "0.36.1",
  "kubectl": "1.16.13",
  "minikube": "1.14.2",
  "pubsub-emulator": "0.1.2",
  "skaffold": "1.16.0"
}
2020-11-30 08:56:22,268 INFO     ___FILE_ONLY___ 

